[2024-08-24 16:02:13,749] INFO Terminating process due to signal SIGTERM (org.apache.kafka.common.utils.LoggingSignalHandler)
[2024-08-24 16:02:13,749] INFO Terminating process due to signal SIGTERM (org.apache.kafka.common.utils.LoggingSignalHandler)
[2024-08-24 16:02:13,749] INFO Terminating process due to signal SIGTERM (org.apache.kafka.common.utils.LoggingSignalHandler)
[2024-08-24 16:02:13,752] INFO [KafkaServer id=0] shutting down (kafka.server.KafkaServer)
[2024-08-24 16:02:13,752] INFO [KafkaServer id=1] shutting down (kafka.server.KafkaServer)
[2024-08-24 16:02:13,752] INFO [KafkaServer id=2] shutting down (kafka.server.KafkaServer)
[2024-08-24 16:02:13,753] INFO [KafkaServer id=0] Starting controlled shutdown (kafka.server.KafkaServer)
[2024-08-24 16:02:13,753] INFO [KafkaServer id=1] Starting controlled shutdown (kafka.server.KafkaServer)
[2024-08-24 16:02:13,754] INFO [KafkaServer id=2] Starting controlled shutdown (kafka.server.KafkaServer)
[2024-08-24 16:02:13,782] INFO [Controller id=0, targetBrokerId=2] Node 2 disconnected. (org.apache.kafka.clients.NetworkClient)
[2024-08-24 16:02:13,782] INFO [Controller id=0, targetBrokerId=0] Node 0 disconnected. (org.apache.kafka.clients.NetworkClient)
[2024-08-24 16:02:13,782] INFO [Controller id=0, targetBrokerId=1] Node 1 disconnected. (org.apache.kafka.clients.NetworkClient)
[2024-08-24 16:02:13,785] INFO [ReplicaFetcherManager on broker 2] Removed fetcher for partitions HashSet(test-topic-replicated-1) (kafka.server.ReplicaFetcherManager)
[2024-08-24 16:02:13,785] INFO [ReplicaFetcherManager on broker 1] Removed fetcher for partitions Set(test-topic-replicated-1) (kafka.server.ReplicaFetcherManager)
[2024-08-24 16:02:13,787] INFO [ReplicaFetcherManager on broker 0] Removed fetcher for partitions HashSet(test-topic-replicated-1) (kafka.server.ReplicaFetcherManager)
[2024-08-24 16:02:13,787] INFO [ReplicaFetcherThread-0-2]: Shutting down (kafka.server.ReplicaFetcherThread)
[2024-08-24 16:02:13,788] INFO [ReplicaFetcher replicaId=0, leaderId=2, fetcherId=0] Client requested connection close from node 2 (org.apache.kafka.clients.NetworkClient)
[2024-08-24 16:02:13,788] INFO [ReplicaFetcher replicaId=0, leaderId=2, fetcherId=0] Cancelled in-flight FETCH request with correlation id 1929 due to node 2 being disconnected (elapsed time since creation: 405ms, elapsed time since send: 405ms, throttle time: 0ms, request timeout: 30000ms) (org.apache.kafka.clients.NetworkClient)
[2024-08-24 16:02:13,788] INFO [ReplicaFetcher replicaId=0, leaderId=2, fetcherId=0] Error sending fetch request (sessionId=556984997, epoch=1927) to node 2: (org.apache.kafka.clients.FetchSessionHandler)
java.io.IOException: Client was shutdown before response was read
	at org.apache.kafka.clients.NetworkClientUtils.sendAndReceive(NetworkClientUtils.java:109)
	at kafka.server.BrokerBlockingSender.sendRequest(BrokerBlockingSender.scala:114)
	at kafka.server.RemoteLeaderEndPoint.fetch(RemoteLeaderEndPoint.scala:79)
	at kafka.server.AbstractFetcherThread.processFetchRequest(AbstractFetcherThread.scala:317)
	at kafka.server.AbstractFetcherThread.$anonfun$maybeFetch$3(AbstractFetcherThread.scala:131)
	at kafka.server.AbstractFetcherThread.$anonfun$maybeFetch$3$adapted(AbstractFetcherThread.scala:130)
	at scala.Option.foreach(Option.scala:437)
	at kafka.server.AbstractFetcherThread.maybeFetch(AbstractFetcherThread.scala:130)
	at kafka.server.AbstractFetcherThread.doWork(AbstractFetcherThread.scala:113)
	at kafka.server.ReplicaFetcherThread.doWork(ReplicaFetcherThread.scala:98)
	at org.apache.kafka.server.util.ShutdownableThread.run(ShutdownableThread.java:135)
[2024-08-24 16:02:13,788] INFO [ReplicaFetcherThread-0-2]: Stopped (kafka.server.ReplicaFetcherThread)
[2024-08-24 16:02:13,788] INFO [ReplicaFetcherThread-0-2]: Shutdown completed (kafka.server.ReplicaFetcherThread)
[2024-08-24 16:02:13,793] INFO [ReplicaFetcherThread-0-2]: Shutting down (kafka.server.ReplicaFetcherThread)
[2024-08-24 16:02:13,794] INFO [ReplicaFetcherThread-0-2]: Shutdown completed (kafka.server.ReplicaFetcherThread)
[2024-08-24 16:02:13,794] INFO [ReplicaFetcherThread-0-2]: Stopped (kafka.server.ReplicaFetcherThread)
[2024-08-24 16:02:13,799] INFO [ReplicaFetcherManager on broker 2] Removed fetcher for partitions Set(test-topic-replicated-0, test-topic-replicated-2) (kafka.server.ReplicaFetcherManager)
[2024-08-24 16:02:13,804] INFO [ReplicaAlterLogDirsManager on broker 2] Removed fetcher for partitions Set(test-topic-replicated-0, test-topic-replicated-2) (kafka.server.ReplicaAlterLogDirsManager)
[2024-08-24 16:02:13,807] INFO [ReplicaFetcherThread-0-1]: Shutting down (kafka.server.ReplicaFetcherThread)
[2024-08-24 16:02:13,807] INFO [ReplicaFetcher replicaId=2, leaderId=1, fetcherId=0] Client requested connection close from node 1 (org.apache.kafka.clients.NetworkClient)
[2024-08-24 16:02:13,808] INFO [ReplicaFetcherManager on broker 0] Removed fetcher for partitions Set(test-topic-replicated-0) (kafka.server.ReplicaFetcherManager)
[2024-08-24 16:02:13,808] INFO [ReplicaFetcherManager on broker 1] Removed fetcher for partitions Set(test-topic-replicated-2) (kafka.server.ReplicaFetcherManager)
[2024-08-24 16:02:13,811] INFO [KafkaServer id=2] Controlled shutdown request returned successfully after 45ms (kafka.server.KafkaServer)
[2024-08-24 16:02:13,811] INFO [ReplicaFetcher replicaId=2, leaderId=1, fetcherId=0] Cancelled in-flight FETCH request with correlation id 1928 due to node 1 being disconnected (elapsed time since creation: 439ms, elapsed time since send: 439ms, throttle time: 0ms, request timeout: 30000ms) (org.apache.kafka.clients.NetworkClient)
[2024-08-24 16:02:13,814] INFO [ReplicaFetcherManager on broker 0] Removed fetcher for partitions HashSet(test-topic-replicated-2) (kafka.server.ReplicaFetcherManager)
[2024-08-24 16:02:13,815] INFO [ReplicaFetcherThread-0-1]: Shutting down (kafka.server.ReplicaFetcherThread)
[2024-08-24 16:02:13,814] INFO [ReplicaFetcher replicaId=2, leaderId=1, fetcherId=0] Error sending fetch request (sessionId=860550019, epoch=1926) to node 1: (org.apache.kafka.clients.FetchSessionHandler)
java.io.IOException: Client was shutdown before response was read
	at org.apache.kafka.clients.NetworkClientUtils.sendAndReceive(NetworkClientUtils.java:109)
	at kafka.server.BrokerBlockingSender.sendRequest(BrokerBlockingSender.scala:114)
	at kafka.server.RemoteLeaderEndPoint.fetch(RemoteLeaderEndPoint.scala:79)
	at kafka.server.AbstractFetcherThread.processFetchRequest(AbstractFetcherThread.scala:317)
	at kafka.server.AbstractFetcherThread.$anonfun$maybeFetch$3(AbstractFetcherThread.scala:131)
	at kafka.server.AbstractFetcherThread.$anonfun$maybeFetch$3$adapted(AbstractFetcherThread.scala:130)
	at scala.Option.foreach(Option.scala:437)
	at kafka.server.AbstractFetcherThread.maybeFetch(AbstractFetcherThread.scala:130)
	at kafka.server.AbstractFetcherThread.doWork(AbstractFetcherThre[2024-08-24 16:02:13,819] INFO [ReplicaFetcher replicaId=0, leaderId=1, fetcherId=0] Client requested connection close from node 1 (org.apache.kafka.clients.NetworkClient)
ad.scala:113)
	at kafka.server.ReplicaFetcherThread.doWork(ReplicaFetcherThread.scala:98)
	at org.apache.kafka.server.util.ShutdownableThread.run(ShutdownableThread.java:135)
[2024-08-24 16:02:13,820] INFO [ReplicaFetcher replicaId=0, leaderId=1, fetcherId=0] Cancelled in-flight FETCH request with correlation id 1928 due to node 1 being disconnected (elapsed time since creation: 452ms, elapsed time since send: 452ms, throttle time: 0ms, request timeout: 30000ms) (org.apache.kafka.clients.NetworkClient)
[2024-08-24 16:02:13,816] INFO [/config/changes-event-process-thread]: Shutting down (kafka.common.ZkNodeChangeNotificationListener$ChangeEventProcessThread)
[2024-08-24 16:02:13,820] INFO [ReplicaFetcherThread-0-1]: Shutdown completed (kafka.server.ReplicaFetcherThread)
[2024-08-24 16:02:13,820] INFO [ReplicaFetcher replicaId=0, leaderId=1, fetcherId=0] Error sending fetch request (sessionId=736759938, epoch=1926) to node 1: (org.apache.kafka.clients.FetchSessionHandler)
java.io.IOException: Client was shutdown before response was read
	at org.apache.kafka.clients.NetworkClientUtils.sendAndReceive(NetworkClientUtils.java:109)
	at kafka.server.BrokerBlockingSender.sendRequest(BrokerBlockingSender.scala:114)
	at kafka.server.RemoteLeaderEndPoint.fetch(RemoteLeaderEndPoint.scala:79)
	at kafka.server.AbstractFetcherThread.processFetchRequest(AbstractFetcherThread.scala:317)
	at kafka.server.AbstractFetcherThread.$anonfun$maybeFetch$3(AbstractFetcherThread.scala:131)
	at kafka.server.AbstractFetcherThread.$anonfun$maybeFetch$3$adapted(AbstractFetcherThread.scala:130)
	at scala.Option.foreach(Option.scala:437)
	at kafka.server.AbstractFetcherThread.maybeFetch(AbstractFetcherThread.scala:130)
	at kafka.server.AbstractFetcherThread.doWork(AbstractFetcherThre[2024-08-24 16:02:13,820] INFO [ReplicaFetcherManager on broker 1] Removed fetcher for partitions HashSet(test-topic-replicated-0) (kafka.server.ReplicaFetcherManager)
[2024-08-24 16:02:13,820] INFO [ReplicaFetcherThread-0-1]: Stopped (kafka.server.ReplicaFetcherThread)
ad.scala:113)
	at kafka.server.ReplicaFetcherThread.doWork(ReplicaFetcherThread.scala:98)
	at org.apache.kafka.server.util.ShutdownableThread.run(ShutdownableThread.java:135)
[2024-08-24 16:02:13,820] INFO [/config/changes-event-process-thread]: Shutdown completed (kafka.common.ZkNodeChangeNotificationListener$ChangeEventProcessThread)
[2024-08-24 16:02:13,820] INFO [/config/changes-event-process-thread]: Stopped (kafka.common.ZkNodeChangeNotificationListener$ChangeEventProcessThread)
[2024-08-24 16:02:13,824] INFO [ReplicaFetcherThread-0-1]: Stopped (kafka.server.ReplicaFetcherThread)
[2024-08-24 16:02:13,824] INFO [ReplicaFetcherThread-0-1]: Shutdown completed (kafka.server.ReplicaFetcherThread)
[2024-08-24 16:02:13,824] INFO [ReplicaFetcherThread-0-0]: Shutting down (kafka.server.ReplicaFetcherThread)
[2024-08-24 16:02:13,825] INFO [ReplicaFetcherThread-0-0]: Shutting down (kafka.server.ReplicaFetcherThread)
[2024-08-24 16:02:13,825] INFO [SocketServer listenerType=ZK_BROKER, nodeId=2] Stopping socket server request processors (kafka.network.SocketServer)
[2024-08-24 16:02:13,824] INFO [ReplicaFetcher replicaId=1, leaderId=0, fetcherId=0] Client requested connection close from node 0 (org.apache.kafka.clients.NetworkClient)
[2024-08-24 16:02:13,825] INFO [ReplicaFetcher replicaId=2, leaderId=0, fetcherId=0] Client requested connection close from node 0 (org.apache.kafka.clients.NetworkClient)
[2024-08-24 16:02:13,825] INFO [ReplicaFetcher replicaId=2, leaderId=0, fetcherId=0] Cancelled in-flight FETCH request with correlation id 1930 due to node 0 being disconnected (elapsed time since creation: 69ms, elapsed time since send: 69ms, throttle time: 0ms, request timeout: 30000ms) (org.apache.kafka.clients.NetworkClient)
[2024-08-24 16:02:13,825] INFO [ReplicaFetcher replicaId=2, leaderId=0, fetcherId=0] Error sending fetch request (sessionId=1952716039, epoch=1930) to node 0: (org.apache.kafka.clients.FetchSessionHandler)
java.io.IOException: Client was shutdown before response was read
	at org.apache.kafka.clients.NetworkClientUtils.sendAndReceive(NetworkClientUtils.java:109)
	at kafka.server.BrokerBlockingSender.sendRequest(BrokerBlockingSender.scala:114)
	at kafka.server.RemoteLeaderEndPoint.fetch(RemoteLeaderEndPoint.scala:79)
	at kafka.server.AbstractFetcherThread.processFetchRequest(AbstractFetcherThread.scala:317)
	at kafka.server.AbstractFetcherThread.$anonfun$maybeFetch$3(AbstractFetcherThread.scala:131)
	at kafka.server.AbstractFetcherThread.$anonfun$maybeFetch$3$adapted(AbstractFetcherThread.scala:130)
	at scala.Option.foreach(Option.scala:437)
	at kafka.server.AbstractFetcherThread.maybeFetch(AbstractFetcherThread.scala:130)
	at kafka.server.AbstractFetcherThread.doWork(AbstractFetcherThread.scala:113)
	at kafka.server.ReplicaFetcherThread.doWork(ReplicaFetcherThread.scala:98)
	at org.apache.kafka.server.util.ShutdownableThread.run(ShutdownableThread.java:135)
[2024-08-24 16:02:13,826] INFO [ReplicaFetcherThread-0-0]: Stopped (kafka.server.ReplicaFetcherThread)
[2024-08-24 16:02:13,826] INFO [ReplicaFetcherThread-0-0]: Shutdown completed (kafka.server.ReplicaFetcherThread)
[2024-08-24 16:02:13,827] INFO [Controller id=0, targetBrokerId=2] Node 2 disconnected. (org.apache.kafka.clients.NetworkClient)
[2024-08-24 16:02:13,827] INFO [Controller id=0, targetBrokerId=2] Cancelled in-flight STOP_REPLICA request with correlation id 7 due to node 2 being disconnected (elapsed time since creation: 17ms, elapsed time since send: 17ms, throttle time: 0ms, request timeout: 30000ms) (org.apache.kafka.clients.NetworkClient)
[2024-08-24 16:02:13,827] INFO [ReplicaFetcher replicaId=1, leaderId=0, fetcherId=0] Cancelled in-flight FETCH request with correlation id 1930 due to node 0 being disconnected (elapsed time since creation: 71ms, elapsed time since send: 71ms, throttle time: 0ms, request timeout: 30000ms) (org.apache.kafka.clients.NetworkClient)
[2024-08-24 16:02:13,828] INFO [Controller id=0, targetBrokerId=2] Client requested connection close from node 2 (org.apache.kafka.clients.NetworkClient)
[2024-08-24 16:02:13,828] INFO [ReplicaFetcherManager on broker 0] Removed fetcher for partitions HashSet(test-topic-replicated-0) (kafka.server.ReplicaFetcherManager)
[2024-08-24 16:02:13,829] INFO [ReplicaFetcherManager on broker 2] Removed fetcher for partitions Set(test-topic-replicated-0, test-topic-replicated-2) (kafka.server.ReplicaFetcherManager)
[2024-08-24 16:02:13,829] INFO [ReplicaAlterLogDirsManager on broker 2] Removed fetcher for partitions Set(test-topic-replicated-0, test-topic-replicated-2) (kafka.server.ReplicaAlterLogDirsManager)
[2024-08-24 16:02:13,828] INFO [ReplicaFetcher replicaId=1, leaderId=0, fetcherId=0] Error sending fetch request (sessionId=63867522, epoch=1930) to node 0: (org.apache.kafka.clients.FetchSessionHandler)
java.io.IOException: Client was shutdown before response was read
	at org.apache.kafka.clients.NetworkClientUtils.sendAndReceive(NetworkClientUtils.java:109)
	at kafka.server.BrokerBlockingSender.sendRequest(BrokerBlockingSender.scala:114)
	at kafka.server.RemoteLeaderEndPoint.fetch(RemoteLeaderEndPoint.scala:79)
	at kafka.server.AbstractFetcherThread.processFetchRequest(AbstractFetcherThread.scala:317)
	at kafka.server.AbstractFetcherThread.$anonfun$maybeFetch$3(AbstractFetcherThread.scala:131)
	at kafka.server.AbstractFetcherThread.$anonfun$maybeFetch$3$adapted(AbstractFetcherThread.scala:130)
	at scala.Option.foreach(Option.scala:437)
	at kafka.server.AbstractFetcherThread.maybeFetch(AbstractFetcherThread.scala:130)
	at kafka.server.AbstractFetcherThread.doWork(AbstractFetcherThread.scala:113)
	at kafka.server.ReplicaFetcherThread.doWork(ReplicaFetcherThread.scala:98)
	at org.apache.kafka.server.util.ShutdownableThread.run(ShutdownableThread.java:135)
[2024-08-24 16:02:13,830] INFO [ReplicaFetcherThread-0-0]: Stopped (kafka.server.ReplicaFetcherThread)
[2024-08-24 16:02:13,830] INFO [ReplicaFetcherThread-0-0]: Shutdown completed (kafka.server.ReplicaFetcherThread)
[2024-08-24 16:02:13,831] INFO [SocketServer listenerType=ZK_BROKER, nodeId=2] Stopped socket server request processors (kafka.network.SocketServer)
[2024-08-24 16:02:13,833] INFO [data-plane Kafka Request Handler on Broker 2], shutting down (kafka.server.KafkaRequestHandlerPool)
[2024-08-24 16:02:13,833] INFO [data-plane Kafka Request Handler on Broker 2], shut down completely (kafka.server.KafkaRequestHandlerPool)
[2024-08-24 16:02:13,837] INFO [ReplicaFetcherManager on broker 1] Removed fetcher for partitions Set(test-topic-replicated-0) (kafka.server.ReplicaFetcherManager)
[2024-08-24 16:02:13,838] INFO [ExpirationReaper-2-AlterAcls]: Shutting down (kafka.server.DelayedOperationPurgatory$ExpiredOperationReaper)
[2024-08-24 16:02:13,838] INFO [ReplicaFetcherManager on broker 0] Removed fetcher for partitions Set(test-topic-replicated-1, test-topic-replicated-2) (kafka.server.ReplicaFetcherManager)
[2024-08-24 16:02:13,838] INFO [ReplicaAlterLogDirsManager on broker 0] Removed fetcher for partitions Set(test-topic-replicated-1, test-topic-replicated-2) (kafka.server.ReplicaAlterLogDirsManager)
[2024-08-24 16:02:13,838] INFO [ExpirationReaper-2-AlterAcls]: Stopped (kafka.server.DelayedOperationPurgatory$ExpiredOperationReaper)
[2024-08-24 16:02:13,838] INFO [ExpirationReaper-2-AlterAcls]: Shutdown completed (kafka.server.DelayedOperationPurgatory$ExpiredOperationReaper)
[2024-08-24 16:02:13,838] INFO [KafkaServer id=0] Controlled shutdown request returned successfully after 73ms (kafka.server.KafkaServer)
[2024-08-24 16:02:13,839] INFO [/config/changes-event-process-thread]: Shutting down (kafka.common.ZkNodeChangeNotificationListener$ChangeEventProcessThread)
[2024-08-24 16:02:13,840] INFO [KafkaApi-2] Shutdown complete. (kafka.server.KafkaApis)
[2024-08-24 16:02:13,840] INFO [/config/changes-event-process-thread]: Stopped (kafka.common.ZkNodeChangeNotificationListener$ChangeEventProcessThread)
[2024-08-24 16:02:13,840] INFO [/config/changes-event-process-thread]: Shutdown completed (kafka.common.ZkNodeChangeNotificationListener$ChangeEventProcessThread)
[2024-08-24 16:02:13,844] INFO [SocketServer listenerType=ZK_BROKER, nodeId=0] Stopping socket server request processors (kafka.network.SocketServer)
[2024-08-24 16:02:13,844] INFO [ExpirationReaper-2-topic]: Shutting down (kafka.server.DelayedOperationPurgatory$ExpiredOperationReaper)
[2024-08-24 16:02:13,844] INFO [ReplicaFetcherManager on broker 0] Removed fetcher for partitions Set(test-topic-replicated-1, test-topic-replicated-2) (kafka.server.ReplicaFetcherManager)
[2024-08-24 16:02:13,844] INFO [ReplicaAlterLogDirsManager on broker 0] Removed fetcher for partitions Set(test-topic-replicated-1, test-topic-replicated-2) (kafka.server.ReplicaAlterLogDirsManager)
[2024-08-24 16:02:13,844] INFO [ExpirationReaper-2-topic]: Stopped (kafka.server.DelayedOperationPurgatory$ExpiredOperationReaper)
[2024-08-24 16:02:13,845] INFO [ExpirationReaper-2-topic]: Shutdown completed (kafka.server.DelayedOperationPurgatory$ExpiredOperationReaper)
[2024-08-24 16:02:13,845] INFO [TransactionCoordinator id=2] Shutting down. (kafka.coordinator.transaction.TransactionCoordinator)
[2024-08-24 16:02:13,846] INFO [Transaction State Manager 2]: Shutdown complete (kafka.coordinator.transaction.TransactionStateManager)
[2024-08-24 16:02:13,846] INFO [TxnMarkerSenderThread-2]: Shutting down (kafka.coordinator.transaction.TransactionMarkerChannelManager)
[2024-08-24 16:02:13,846] INFO [TxnMarkerSenderThread-2]: Stopped (kafka.coordinator.transaction.TransactionMarkerChannelManager)
[2024-08-24 16:02:13,846] INFO [ReplicaFetcherManager on broker 1] Removed fetcher for partitions Set(test-topic-replicated-2, test-topic-replicated-1) (kafka.server.ReplicaFetcherManager)
[2024-08-24 16:02:13,846] INFO [TxnMarkerSenderThread-2]: Shutdown completed (kafka.coordinator.transaction.TransactionMarkerChannelManager)
[2024-08-24 16:02:13,846] INFO [TransactionCoordinator id=2] Shutdown complete. (kafka.coordinator.transaction.TransactionCoordinator)
[2024-08-24 16:02:13,846] INFO [GroupCoordinator 2]: Shutting down. (kafka.coordinator.group.GroupCoordinator)
[2024-08-24 16:02:13,847] INFO [KafkaServer id=1] Node 0 disconnected. (org.apache.kafka.clients.NetworkClient)
[2024-08-24 16:02:13,847] INFO [Controller id=0, targetBrokerId=0] Node 0 disconnected. (org.apache.kafka.clients.NetworkClient)
[2024-08-24 16:02:13,847] INFO [ExpirationReaper-2-Heartbeat]: Shutting down (kafka.server.DelayedOperationPurgatory$ExpiredOperationReaper)
[2024-08-24 16:02:13,847] INFO [Controller id=0, targetBrokerId=0] Cancelled in-flight STOP_REPLICA request with correlation id 17 due to node 0 being disconnected (elapsed time since creation: 3ms, elapsed time since send: 3ms, throttle time: 0ms, request timeout: 30000ms) (org.apache.kafka.clients.NetworkClient)
[2024-08-24 16:02:13,847] INFO [Controller id=0, targetBrokerId=0] Client requested connection close from node 0 (org.apache.kafka.clients.NetworkClient)
[2024-08-24 16:02:13,848] INFO [ExpirationReaper-2-Heartbeat]: Stopped (kafka.server.DelayedOperationPurgatory$ExpiredOperationReaper)
[2024-08-24 16:02:13,848] INFO [ExpirationReaper-2-Heartbeat]: Shutdown completed (kafka.server.DelayedOperationPurgatory$ExpiredOperationReaper)
[2024-08-24 16:02:13,848] INFO [ExpirationReaper-2-Rebalance]: Shutting down (kafka.server.DelayedOperationPurgatory$ExpiredOperationReaper)
[2024-08-24 16:02:13,848] INFO [KafkaServer id=1] Cancelled in-flight CONTROLLED_SHUTDOWN request with correlation id 0 due to node 0 being disconnected (elapsed time since creation: 82ms, elapsed time since send: 82ms, throttle time: 0ms, request timeout: 30000ms) (org.apache.kafka.clients.NetworkClient)
[2024-08-24 16:02:13,848] INFO [SocketServer listenerType=ZK_BROKER, nodeId=0] Stopped socket server request processors (kafka.network.SocketServer)
[2024-08-24 16:02:13,851] INFO [data-plane Kafka Request Handler on Broker 0], shutting down (kafka.server.KafkaRequestHandlerPool)
[2024-08-24 16:02:13,851] INFO [ExpirationReaper-2-Rebalance]: Stopped (kafka.server.DelayedOperationPurgatory$ExpiredOperationReaper)
[2024-08-24 16:02:13,851] INFO [ExpirationReaper-2-Rebalance]: Shutdown completed (kafka.server.DelayedOperationPurgatory$ExpiredOperationReaper)
[2024-08-24 16:02:13,851] WARN [KafkaServer id=1] Error during controlled shutdown, possibly because leader movement took longer than the configured controller.socket.timeout.ms and/or request.timeout.ms: Connection to 0 was disconnected before the response was read (kafka.server.KafkaServer)
[2024-08-24 16:02:13,851] INFO [GroupCoordinator 2]: Shutdown complete. (kafka.coordinator.group.GroupCoordinator)
[2024-08-24 16:02:13,851] INFO [data-plane Kafka Request Handler on Broker 0], shut down completely (kafka.server.KafkaRequestHandlerPool)
[2024-08-24 16:02:13,851] INFO [ReplicaManager broker=2] Shutting down (kafka.server.ReplicaManager)
[2024-08-24 16:02:13,852] INFO [LogDirFailureHandler]: Shutting down (kafka.server.ReplicaManager$LogDirFailureHandler)
[2024-08-24 16:02:13,852] INFO [LogDirFailureHandler]: Stopped (kafka.server.ReplicaManager$LogDirFailureHandler)
[2024-08-24 16:02:13,852] INFO [ExpirationReaper-0-AlterAcls]: Shutting down (kafka.server.DelayedOperationPurgatory$ExpiredOperationReaper)
[2024-08-24 16:02:13,852] INFO [LogDirFailureHandler]: Shutdown completed (kafka.server.ReplicaManager$LogDirFailureHandler)
[2024-08-24 16:02:13,855] INFO [ReplicaFetcherManager on broker 2] shutting down (kafka.server.ReplicaFetcherManager)
[2024-08-24 16:02:13,855] INFO [ExpirationReaper-0-AlterAcls]: Stopped (kafka.server.DelayedOperationPurgatory$ExpiredOperationReaper)
[2024-08-24 16:02:13,855] INFO [ExpirationReaper-0-AlterAcls]: Shutdown completed (kafka.server.DelayedOperationPurgatory$ExpiredOperationReaper)
[2024-08-24 16:02:13,855] INFO [ReplicaFetcherManager on broker 2] shutdown completed (kafka.server.ReplicaFetcherManager)
[2024-08-24 16:02:13,855] INFO [ReplicaAlterLogDirsManager on broker 2] shutting down (kafka.server.ReplicaAlterLogDirsManager)
[2024-08-24 16:02:13,855] INFO [ReplicaAlterLogDirsManager on broker 2] shutdown completed (kafka.server.ReplicaAlterLogDirsManager)
[2024-08-24 16:02:13,855] INFO [KafkaApi-0] Shutdown complete. (kafka.server.KafkaApis)
[2024-08-24 16:02:13,855] INFO [ExpirationReaper-2-Fetch]: Shutting down (kafka.server.DelayedOperationPurgatory$ExpiredOperationReaper)
[2024-08-24 16:02:13,855] INFO [ExpirationReaper-2-Fetch]: Stopped (kafka.server.DelayedOperationPurgatory$ExpiredOperationReaper)
[2024-08-24 16:02:13,855] INFO [ExpirationReaper-2-Fetch]: Shutdown completed (kafka.server.DelayedOperationPurgatory$ExpiredOperationReaper)
[2024-08-24 16:02:13,855] INFO [ExpirationReaper-0-topic]: Shutting down (kafka.server.DelayedOperationPurgatory$ExpiredOperationReaper)
[2024-08-24 16:02:13,856] INFO [ExpirationReaper-2-RemoteFetch]: Shutting down (kafka.server.DelayedOperationPurgatory$ExpiredOperationReaper)
[2024-08-24 16:02:13,856] INFO [ExpirationReaper-0-topic]: Stopped (kafka.server.DelayedOperationPurgatory$ExpiredOperationReaper)
[2024-08-24 16:02:13,856] INFO [ExpirationReaper-0-topic]: Shutdown completed (kafka.server.DelayedOperationPurgatory$ExpiredOperationReaper)
[2024-08-24 16:02:13,856] INFO [ExpirationReaper-2-RemoteFetch]: Shutdown completed (kafka.server.DelayedOperationPurgatory$ExpiredOperationReaper)
[2024-08-24 16:02:13,856] INFO [ExpirationReaper-2-RemoteFetch]: Stopped (kafka.server.DelayedOperationPurgatory$ExpiredOperationReaper)
[2024-08-24 16:02:13,856] INFO [ExpirationReaper-2-Produce]: Shutting down (kafka.server.DelayedOperationPurgatory$ExpiredOperationReaper)
[2024-08-24 16:02:13,856] INFO [ExpirationReaper-2-Produce]: Stopped (kafka.server.DelayedOperationPurgatory$ExpiredOperationReaper)
[2024-08-24 16:02:13,856] INFO [ExpirationReaper-2-Produce]: Shutdown completed (kafka.server.DelayedOperationPurgatory$ExpiredOperationReaper)
[2024-08-24 16:02:13,856] INFO [TransactionCoordinator id=0] Shutting down. (kafka.coordinator.transaction.TransactionCoordinator)
[2024-08-24 16:02:13,857] INFO [ExpirationReaper-2-DeleteRecords]: Shutting down (kafka.server.DelayedOperationPurgatory$ExpiredOperationReaper)
[2024-08-24 16:02:13,857] INFO [Transaction State Manager 0]: Shutdown complete (kafka.coordinator.transaction.TransactionStateManager)
[2024-08-24 16:02:13,857] INFO [TxnMarkerSenderThread-0]: Shutting down (kafka.coordinator.transaction.TransactionMarkerChannelManager)
[2024-08-24 16:02:13,857] INFO [ExpirationReaper-2-DeleteRecords]: Stopped (kafka.server.DelayedOperationPurgatory$ExpiredOperationReaper)
[2024-08-24 16:02:13,857] INFO [TxnMarkerSenderThread-0]: Stopped (kafka.coordinator.transaction.TransactionMarkerChannelManager)
[2024-08-24 16:02:13,857] INFO [ExpirationReaper-2-DeleteRecords]: Shutdown completed (kafka.server.DelayedOperationPurgatory$ExpiredOperationReaper)
[2024-08-24 16:02:13,857] INFO [TxnMarkerSenderThread-0]: Shutdown completed (kafka.coordinator.transaction.TransactionMarkerChannelManager)
[2024-08-24 16:02:13,857] INFO [ExpirationReaper-2-ElectLeader]: Shutting down (kafka.server.DelayedOperationPurgatory$ExpiredOperationReaper)
[2024-08-24 16:02:13,857] INFO [ExpirationReaper-2-ElectLeader]: Stopped (kafka.server.DelayedOperationPurgatory$ExpiredOperationReaper)
[2024-08-24 16:02:13,857] INFO [TransactionCoordinator id=0] Shutdown complete. (kafka.coordinator.transaction.TransactionCoordinator)
[2024-08-24 16:02:13,857] INFO [ExpirationReaper-2-ElectLeader]: Shutdown completed (kafka.server.DelayedOperationPurgatory$ExpiredOperationReaper)
[2024-08-24 16:02:13,857] INFO [GroupCoordinator 0]: Shutting down. (kafka.coordinator.group.GroupCoordinator)
[2024-08-24 16:02:13,858] INFO [ExpirationReaper-0-Heartbeat]: Shutting down (kafka.server.DelayedOperationPurgatory$ExpiredOperationReaper)
[2024-08-24 16:02:13,858] INFO [ExpirationReaper-0-Heartbeat]: Stopped (kafka.server.DelayedOperationPurgatory$ExpiredOperationReaper)
[2024-08-24 16:02:13,858] INFO [ExpirationReaper-0-Heartbeat]: Shutdown completed (kafka.server.DelayedOperationPurgatory$ExpiredOperationReaper)
[2024-08-24 16:02:13,858] INFO [ExpirationReaper-0-Rebalance]: Shutting down (kafka.server.DelayedOperationPurgatory$ExpiredOperationReaper)
[2024-08-24 16:02:13,858] INFO [ExpirationReaper-0-Rebalance]: Stopped (kafka.server.DelayedOperationPurgatory$ExpiredOperationReaper)
[2024-08-24 16:02:13,858] INFO [ExpirationReaper-0-Rebalance]: Shutdown completed (kafka.server.DelayedOperationPurgatory$ExpiredOperationReaper)
[2024-08-24 16:02:13,858] INFO [GroupCoordinator 0]: Shutdown complete. (kafka.coordinator.group.GroupCoordinator)
[2024-08-24 16:02:13,859] INFO [ReplicaManager broker=0] Shutting down (kafka.server.ReplicaManager)
[2024-08-24 16:02:13,862] INFO [LogDirFailureHandler]: Shutting down (kafka.server.ReplicaManager$LogDirFailureHandler)
[2024-08-24 16:02:13,862] INFO [LogDirFailureHandler]: Stopped (kafka.server.ReplicaManager$LogDirFailureHandler)
[2024-08-24 16:02:13,862] INFO [LogDirFailureHandler]: Shutdown completed (kafka.server.ReplicaManager$LogDirFailureHandler)
[2024-08-24 16:02:13,862] INFO [ReplicaFetcherManager on broker 0] shutting down (kafka.server.ReplicaFetcherManager)
[2024-08-24 16:02:13,862] INFO [ReplicaFetcherManager on broker 0] shutdown completed (kafka.server.ReplicaFetcherManager)
[2024-08-24 16:02:13,862] INFO [ReplicaAlterLogDirsManager on broker 0] shutting down (kafka.server.ReplicaAlterLogDirsManager)
[2024-08-24 16:02:13,862] INFO [ReplicaAlterLogDirsManager on broker 0] shutdown completed (kafka.server.ReplicaAlterLogDirsManager)
[2024-08-24 16:02:13,862] INFO [ExpirationReaper-0-Fetch]: Shutting down (kafka.server.DelayedOperationPurgatory$ExpiredOperationReaper)
[2024-08-24 16:02:13,862] INFO [ExpirationReaper-0-Fetch]: Stopped (kafka.server.DelayedOperationPurgatory$ExpiredOperationReaper)
[2024-08-24 16:02:13,862] INFO [ExpirationReaper-0-Fetch]: Shutdown completed (kafka.server.DelayedOperationPurgatory$ExpiredOperationReaper)
[2024-08-24 16:02:13,862] INFO [ExpirationReaper-0-RemoteFetch]: Shutting down (kafka.server.DelayedOperationPurgatory$ExpiredOperationReaper)
[2024-08-24 16:02:13,863] INFO [ExpirationReaper-0-RemoteFetch]: Stopped (kafka.server.DelayedOperationPurgatory$ExpiredOperationReaper)
[2024-08-24 16:02:13,863] INFO [ExpirationReaper-0-RemoteFetch]: Shutdown completed (kafka.server.DelayedOperationPurgatory$ExpiredOperationReaper)
[2024-08-24 16:02:13,863] INFO [ExpirationReaper-0-Produce]: Shutting down (kafka.server.DelayedOperationPurgatory$ExpiredOperationReaper)
[2024-08-24 16:02:13,863] INFO [ExpirationReaper-0-Produce]: Stopped (kafka.server.DelayedOperationPurgatory$ExpiredOperationReaper)
[2024-08-24 16:02:13,863] INFO [ExpirationReaper-0-Produce]: Shutdown completed (kafka.server.DelayedOperationPurgatory$ExpiredOperationReaper)
[2024-08-24 16:02:13,863] INFO [ExpirationReaper-0-DeleteRecords]: Shutting down (kafka.server.DelayedOperationPurgatory$ExpiredOperationReaper)
[2024-08-24 16:02:13,864] INFO [ExpirationReaper-0-DeleteRecords]: Shutdown completed (kafka.server.DelayedOperationPurgatory$ExpiredOperationReaper)
[2024-08-24 16:02:13,864] INFO [ExpirationReaper-0-DeleteRecords]: Stopped (kafka.server.DelayedOperationPurgatory$ExpiredOperationReaper)
[2024-08-24 16:02:13,865] INFO [ExpirationReaper-0-ElectLeader]: Shutting down (kafka.server.DelayedOperationPurgatory$ExpiredOperationReaper)
[2024-08-24 16:02:13,865] INFO [ExpirationReaper-0-ElectLeader]: Stopped (kafka.server.DelayedOperationPurgatory$ExpiredOperationReaper)
[2024-08-24 16:02:13,865] INFO [ExpirationReaper-0-ElectLeader]: Shutdown completed (kafka.server.DelayedOperationPurgatory$ExpiredOperationReaper)
[2024-08-24 16:02:13,866] INFO [AddPartitionsToTxnSenderThread-2]: Shutting down (kafka.server.AddPartitionsToTxnManager)
[2024-08-24 16:02:13,866] INFO [AddPartitionsToTxnSenderThread-2]: Shutdown completed (kafka.server.AddPartitionsToTxnManager)
[2024-08-24 16:02:13,866] INFO [AddPartitionsToTxnSenderThread-2]: Stopped (kafka.server.AddPartitionsToTxnManager)
[2024-08-24 16:02:13,870] INFO [ReplicaManager broker=2] Shut down completely (kafka.server.ReplicaManager)
[2024-08-24 16:02:13,870] INFO [zk-broker-2-to-controller-alter-partition-channel-manager]: Shutting down (kafka.server.NodeToControllerRequestThread)
[2024-08-24 16:02:13,870] INFO [zk-broker-2-to-controller-alter-partition-channel-manager]: Stopped (kafka.server.NodeToControllerRequestThread)
[2024-08-24 16:02:13,870] INFO [zk-broker-2-to-controller-alter-partition-channel-manager]: Shutdown completed (kafka.server.NodeToControllerRequestThread)
[2024-08-24 16:02:13,871] INFO [AddPartitionsToTxnSenderThread-0]: Shutting down (kafka.server.AddPartitionsToTxnManager)
[2024-08-24 16:02:13,871] INFO [AddPartitionsToTxnSenderThread-0]: Shutdown completed (kafka.server.AddPartitionsToTxnManager)
[2024-08-24 16:02:13,871] INFO [AddPartitionsToTxnSenderThread-0]: Stopped (kafka.server.AddPartitionsToTxnManager)
[2024-08-24 16:02:13,871] INFO [ReplicaManager broker=0] Shut down completely (kafka.server.ReplicaManager)
[2024-08-24 16:02:13,871] INFO Node to controller channel manager for alter-partition shutdown (kafka.server.NodeToControllerChannelManagerImpl)
[2024-08-24 16:02:13,871] INFO [zk-broker-2-to-controller-forwarding-channel-manager]: Shutting down (kafka.server.NodeToControllerRequestThread)
[2024-08-24 16:02:13,871] INFO [zk-broker-0-to-controller-alter-partition-channel-manager]: Shutting down (kafka.server.NodeToControllerRequestThread)
[2024-08-24 16:02:13,871] INFO [zk-broker-2-to-controller-forwarding-channel-manager]: Stopped (kafka.server.NodeToControllerRequestThread)
[2024-08-24 16:02:13,871] INFO [zk-broker-0-to-controller-alter-partition-channel-manager]: Stopped (kafka.server.NodeToControllerRequestThread)
[2024-08-24 16:02:13,871] INFO [zk-broker-0-to-controller-alter-partition-channel-manager]: Shutdown completed (kafka.server.NodeToControllerRequestThread)
[2024-08-24 16:02:13,871] INFO [zk-broker-2-to-controller-forwarding-channel-manager]: Shutdown completed (kafka.server.NodeToControllerRequestThread)
[2024-08-24 16:02:13,871] INFO Node to controller channel manager for forwarding shutdown (kafka.server.NodeToControllerChannelManagerImpl)
[2024-08-24 16:02:13,872] INFO Node to controller channel manager for alter-partition shutdown (kafka.server.NodeToControllerChannelManagerImpl)
[2024-08-24 16:02:13,872] INFO [zk-broker-0-to-controller-forwarding-channel-manager]: Shutting down (kafka.server.NodeToControllerRequestThread)
[2024-08-24 16:02:13,872] INFO Shutting down. (kafka.log.LogManager)
[2024-08-24 16:02:13,872] INFO [zk-broker-0-to-controller-forwarding-channel-manager]: Stopped (kafka.server.NodeToControllerRequestThread)
[2024-08-24 16:02:13,872] INFO [zk-broker-0-to-controller-forwarding-channel-manager]: Shutdown completed (kafka.server.NodeToControllerRequestThread)
[2024-08-24 16:02:13,872] INFO Node to controller channel manager for forwarding shutdown (kafka.server.NodeToControllerChannelManagerImpl)
[2024-08-24 16:02:13,872] INFO Shutting down. (kafka.log.LogManager)
[2024-08-24 16:02:13,873] INFO [kafka-log-cleaner-thread-0]: Shutting down (kafka.log.LogCleaner$CleanerThread)
[2024-08-24 16:02:13,873] INFO [kafka-log-cleaner-thread-0]: Shutting down (kafka.log.LogCleaner$CleanerThread)
[2024-08-24 16:02:13,874] INFO [kafka-log-cleaner-thread-0]: Stopped (kafka.log.LogCleaner$CleanerThread)
[2024-08-24 16:02:13,874] INFO [kafka-log-cleaner-thread-0]: Stopped (kafka.log.LogCleaner$CleanerThread)
[2024-08-24 16:02:13,874] INFO [kafka-log-cleaner-thread-0]: Shutdown completed (kafka.log.LogCleaner$CleanerThread)
[2024-08-24 16:02:13,874] INFO [kafka-log-cleaner-thread-0]: Shutdown completed (kafka.log.LogCleaner$CleanerThread)
[2024-08-24 16:02:13,898] INFO [ProducerStateManager partition=test-topic-replicated-1] Wrote producer snapshot at offset 2 with 1 producer ids in 4 ms. (org.apache.kafka.storage.internals.log.ProducerStateManager)
[2024-08-24 16:02:13,902] INFO [ProducerStateManager partition=__consumer_offsets-0] Wrote producer snapshot at offset 1 with 0 producer ids in 8 ms. (org.apache.kafka.storage.internals.log.ProducerStateManager)
[2024-08-24 16:02:13,933] INFO [Controller id=0, targetBrokerId=2] Node 2 disconnected. (org.apache.kafka.clients.NetworkClient)
[2024-08-24 16:02:13,933] WARN [Controller id=0, targetBrokerId=2] Connection to node 2 (localhost/127.0.0.1:9094) could not be established. Node may not be available. (org.apache.kafka.clients.NetworkClient)
[2024-08-24 16:02:13,934] INFO [Controller id=0, targetBrokerId=2] Client requested connection close from node 2 (org.apache.kafka.clients.NetworkClient)
[2024-08-24 16:02:13,941] INFO [ProducerStateManager partition=__consumer_offsets-26] Wrote producer snapshot at offset 3 with 0 producer ids in 4 ms. (org.apache.kafka.storage.internals.log.ProducerStateManager)
[2024-08-24 16:02:13,953] INFO [Controller id=0, targetBrokerId=0] Node 0 disconnected. (org.apache.kafka.clients.NetworkClient)
[2024-08-24 16:02:13,956] WARN [Controller id=0, targetBrokerId=0] Connection to node 0 (localhost/127.0.0.1:9092) could not be established. Node may not be available. (org.apache.kafka.clients.NetworkClient)
[2024-08-24 16:02:13,956] INFO [Controller id=0, targetBrokerId=0] Client requested connection close from node 0 (org.apache.kafka.clients.NetworkClient)
[2024-08-24 16:02:13,956] INFO Shutdown complete. (kafka.log.LogManager)
[2024-08-24 16:02:13,963] INFO [ProducerStateManager partition=__consumer_offsets-19] Wrote producer snapshot at offset 3 with 0 producer ids in 4 ms. (org.apache.kafka.storage.internals.log.ProducerStateManager)
[2024-08-24 16:02:13,968] INFO [feature-zk-node-event-process-thread]: Shutting down (kafka.server.FinalizedFeatureChangeListener$ChangeNotificationProcessorThread)
[2024-08-24 16:02:13,968] INFO [feature-zk-node-event-process-thread]: Stopped (kafka.server.FinalizedFeatureChangeListener$ChangeNotificationProcessorThread)
[2024-08-24 16:02:13,968] INFO [feature-zk-node-event-process-thread]: Shutdown completed (kafka.server.FinalizedFeatureChangeListener$ChangeNotificationProcessorThread)
[2024-08-24 16:02:13,972] INFO [ZooKeeperClient Kafka server] Closing. (kafka.zookeeper.ZooKeeperClient)
[2024-08-24 16:02:13,986] INFO [Controller id=0, targetBrokerId=2] Client requested connection close from node 2 (org.apache.kafka.clients.NetworkClient)
[2024-08-24 16:02:14,039] INFO [ProducerStateManager partition=test-topic-1] Wrote producer snapshot at offset 22 with 2 producer ids in 4 ms. (org.apache.kafka.storage.internals.log.ProducerStateManager)
[2024-08-24 16:02:14,061] INFO [Controller id=0, targetBrokerId=0] Node 0 disconnected. (org.apache.kafka.clients.NetworkClient)
[2024-08-24 16:02:14,063] WARN [Controller id=0, targetBrokerId=0] Connection to node 0 (localhost/127.0.0.1:9092) could not be established. Node may not be available. (org.apache.kafka.clients.NetworkClient)
[2024-08-24 16:02:14,064] INFO [Controller id=0, targetBrokerId=0] Client requested connection close from node 0 (org.apache.kafka.clients.NetworkClient)
[2024-08-24 16:02:14,080] INFO Session: 0x10000859f120002 closed (org.apache.zookeeper.ZooKeeper)
[2024-08-24 16:02:14,080] INFO EventThread shut down for session: 0x10000859f120002 (org.apache.zookeeper.ClientCnxn)
[2024-08-24 16:02:14,082] INFO [ZooKeeperClient Kafka server] Closed. (kafka.zookeeper.ZooKeeperClient)
[2024-08-24 16:02:14,082] INFO [ThrottledChannelReaper-Fetch]: Shutting down (kafka.server.ClientQuotaManager$ThrottledChannelReaper)
[2024-08-24 16:02:14,082] INFO [ThrottledChannelReaper-Fetch]: Stopped (kafka.server.ClientQuotaManager$ThrottledChannelReaper)
[2024-08-24 16:02:14,082] INFO [ThrottledChannelReaper-Fetch]: Shutdown completed (kafka.server.ClientQuotaManager$ThrottledChannelReaper)
[2024-08-24 16:02:14,084] INFO [ThrottledChannelReaper-Produce]: Shutting down (kafka.server.ClientQuotaManager$ThrottledChannelReaper)
[2024-08-24 16:02:14,085] INFO [ThrottledChannelReaper-Produce]: Stopped (kafka.server.ClientQuotaManager$ThrottledChannelReaper)
[2024-08-24 16:02:14,085] INFO [ThrottledChannelReaper-Produce]: Shutdown completed (kafka.server.ClientQuotaManager$ThrottledChannelReaper)
[2024-08-24 16:02:14,085] INFO [ThrottledChannelReaper-Request]: Shutting down (kafka.server.ClientQuotaManager$ThrottledChannelReaper)
[2024-08-24 16:02:14,085] INFO [ThrottledChannelReaper-Request]: Stopped (kafka.server.ClientQuotaManager$ThrottledChannelReaper)
[2024-08-24 16:02:14,085] INFO [ThrottledChannelReaper-Request]: Shutdown completed (kafka.server.ClientQuotaManager$ThrottledChannelReaper)
[2024-08-24 16:02:14,085] INFO [ThrottledChannelReaper-ControllerMutation]: Shutting down (kafka.server.ClientQuotaManager$ThrottledChannelReaper)
[2024-08-24 16:02:14,085] INFO [ThrottledChannelReaper-ControllerMutation]: Stopped (kafka.server.ClientQuotaManager$ThrottledChannelReaper)
[2024-08-24 16:02:14,085] INFO [ThrottledChannelReaper-ControllerMutation]: Shutdown completed (kafka.server.ClientQuotaManager$ThrottledChannelReaper)
[2024-08-24 16:02:14,089] INFO [SocketServer listenerType=ZK_BROKER, nodeId=2] Shutting down socket server (kafka.network.SocketServer)
[2024-08-24 16:02:14,092] INFO [ProducerStateManager partition=__consumer_offsets-32] Wrote producer snapshot at offset 6 with 0 producer ids in 4 ms. (org.apache.kafka.storage.internals.log.ProducerStateManager)
[2024-08-24 16:02:14,095] INFO [SocketServer listenerType=ZK_BROKER, nodeId=2] Shutdown completed (kafka.network.SocketServer)
[2024-08-24 16:02:14,097] INFO Metrics scheduler closed (org.apache.kafka.common.metrics.Metrics)
[2024-08-24 16:02:14,097] INFO Closing reporter org.apache.kafka.common.metrics.JmxReporter (org.apache.kafka.common.metrics.Metrics)
[2024-08-24 16:02:14,097] INFO Metrics reporters closed (org.apache.kafka.common.metrics.Metrics)
[2024-08-24 16:02:14,097] INFO Broker and topic stats closed (kafka.server.BrokerTopicStats)
[2024-08-24 16:02:14,101] INFO App info kafka.server for 2 unregistered (org.apache.kafka.common.utils.AppInfoParser)
[2024-08-24 16:02:14,101] INFO [KafkaServer id=2] shut down completed (kafka.server.KafkaServer)
[2024-08-24 16:02:14,117] INFO [ProducerStateManager partition=test-topic-replicated-1] Wrote producer snapshot at offset 2 with 1 producer ids in 5 ms. (org.apache.kafka.storage.internals.log.ProducerStateManager)
[2024-08-24 16:02:14,149] INFO [ProducerStateManager partition=__consumer_offsets-44] Wrote producer snapshot at offset 3 with 0 producer ids in 4 ms. (org.apache.kafka.storage.internals.log.ProducerStateManager)
[2024-08-24 16:02:14,168] INFO [Controller id=0, targetBrokerId=0] Node 0 disconnected. (org.apache.kafka.clients.NetworkClient)
[2024-08-24 16:02:14,169] WARN [Controller id=0, targetBrokerId=0] Connection to node 0 (localhost/127.0.0.1:9092) could not be established. Node may not be available. (org.apache.kafka.clients.NetworkClient)
[2024-08-24 16:02:14,170] INFO [Controller id=0, targetBrokerId=0] Client requested connection close from node 0 (org.apache.kafka.clients.NetworkClient)
[2024-08-24 16:02:14,184] INFO [ProducerStateManager partition=__consumer_offsets-48] Wrote producer snapshot at offset 3 with 0 producer ids in 5 ms. (org.apache.kafka.storage.internals.log.ProducerStateManager)
[2024-08-24 16:02:14,196] INFO [ProducerStateManager partition=test-topic-0] Wrote producer snapshot at offset 10 with 3 producer ids in 4 ms. (org.apache.kafka.storage.internals.log.ProducerStateManager)
[2024-08-24 16:02:14,243] INFO [ProducerStateManager partition=__consumer_offsets-1] Wrote producer snapshot at offset 3 with 0 producer ids in 4 ms. (org.apache.kafka.storage.internals.log.ProducerStateManager)
[2024-08-24 16:02:14,274] INFO [Controller id=0, targetBrokerId=0] Node 0 disconnected. (org.apache.kafka.clients.NetworkClient)
[2024-08-24 16:02:14,274] WARN [Controller id=0, targetBrokerId=0] Connection to node 0 (localhost/127.0.0.1:9092) could not be established. Node may not be available. (org.apache.kafka.clients.NetworkClient)
[2024-08-24 16:02:14,275] INFO [Controller id=0, targetBrokerId=0] Client requested connection close from node 0 (org.apache.kafka.clients.NetworkClient)
[2024-08-24 16:02:14,292] INFO Shutdown complete. (kafka.log.LogManager)
[2024-08-24 16:02:14,293] INFO [Controller id=0, targetBrokerId=0] Client requested connection close from node 0 (org.apache.kafka.clients.NetworkClient)
[2024-08-24 16:02:14,295] INFO [feature-zk-node-event-process-thread]: Shutting down (kafka.server.FinalizedFeatureChangeListener$ChangeNotificationProcessorThread)
[2024-08-24 16:02:14,295] INFO [feature-zk-node-event-process-thread]: Stopped (kafka.server.FinalizedFeatureChangeListener$ChangeNotificationProcessorThread)
[2024-08-24 16:02:14,295] INFO [feature-zk-node-event-process-thread]: Shutdown completed (kafka.server.FinalizedFeatureChangeListener$ChangeNotificationProcessorThread)
[2024-08-24 16:02:14,295] INFO [ZooKeeperClient Kafka server] Closing. (kafka.zookeeper.ZooKeeperClient)
[2024-08-24 16:02:14,405] INFO Session: 0x10000859f120000 closed (org.apache.zookeeper.ZooKeeper)
[2024-08-24 16:02:14,405] INFO EventThread shut down for session: 0x10000859f120000 (org.apache.zookeeper.ClientCnxn)
[2024-08-24 16:02:14,405] INFO [ZooKeeperClient Kafka server] Closed. (kafka.zookeeper.ZooKeeperClient)
[2024-08-24 16:02:14,405] INFO [ThrottledChannelReaper-Fetch]: Shutting down (kafka.server.ClientQuotaManager$ThrottledChannelReaper)
[2024-08-24 16:02:14,406] INFO [ThrottledChannelReaper-Fetch]: Stopped (kafka.server.ClientQuotaManager$ThrottledChannelReaper)
[2024-08-24 16:02:14,406] INFO [ThrottledChannelReaper-Fetch]: Shutdown completed (kafka.server.ClientQuotaManager$ThrottledChannelReaper)
[2024-08-24 16:02:14,406] INFO [ThrottledChannelReaper-Produce]: Shutting down (kafka.server.ClientQuotaManager$ThrottledChannelReaper)
[2024-08-24 16:02:14,406] INFO [ThrottledChannelReaper-Produce]: Shutdown completed (kafka.server.ClientQuotaManager$ThrottledChannelReaper)
[2024-08-24 16:02:14,406] INFO [ThrottledChannelReaper-Request]: Shutting down (kafka.server.ClientQuotaManager$ThrottledChannelReaper)
[2024-08-24 16:02:14,406] INFO [ThrottledChannelReaper-Produce]: Stopped (kafka.server.ClientQuotaManager$ThrottledChannelReaper)
[2024-08-24 16:02:14,406] INFO [ThrottledChannelReaper-Request]: Stopped (kafka.server.ClientQuotaManager$ThrottledChannelReaper)
[2024-08-24 16:02:14,406] INFO [ThrottledChannelReaper-Request]: Shutdown completed (kafka.server.ClientQuotaManager$ThrottledChannelReaper)
[2024-08-24 16:02:14,406] INFO [ThrottledChannelReaper-ControllerMutation]: Shutting down (kafka.server.ClientQuotaManager$ThrottledChannelReaper)
[2024-08-24 16:02:14,406] INFO [ThrottledChannelReaper-ControllerMutation]: Stopped (kafka.server.ClientQuotaManager$ThrottledChannelReaper)
[2024-08-24 16:02:14,406] INFO [ThrottledChannelReaper-ControllerMutation]: Shutdown completed (kafka.server.ClientQuotaManager$ThrottledChannelReaper)
[2024-08-24 16:02:14,406] INFO [SocketServer listenerType=ZK_BROKER, nodeId=0] Shutting down socket server (kafka.network.SocketServer)
[2024-08-24 16:02:14,411] INFO [SocketServer listenerType=ZK_BROKER, nodeId=0] Shutdown completed (kafka.network.SocketServer)
[2024-08-24 16:02:14,412] INFO Metrics scheduler closed (org.apache.kafka.common.metrics.Metrics)
[2024-08-24 16:02:14,412] INFO Closing reporter org.apache.kafka.common.metrics.JmxReporter (org.apache.kafka.common.metrics.Metrics)
[2024-08-24 16:02:14,412] INFO Metrics reporters closed (org.apache.kafka.common.metrics.Metrics)
[2024-08-24 16:02:14,412] INFO Broker and topic stats closed (kafka.server.BrokerTopicStats)
[2024-08-24 16:02:14,412] INFO App info kafka.server for 0 unregistered (org.apache.kafka.common.utils.AppInfoParser)
[2024-08-24 16:02:14,412] INFO [KafkaServer id=0] shut down completed (kafka.server.KafkaServer)
[2024-08-24 16:02:18,857] INFO [KafkaServer id=1] Retrying controlled shutdown (2 retries remaining) (kafka.server.KafkaServer)
[2024-08-24 16:02:18,858] INFO [KafkaServer id=1] Client requested connection close from node 0 (org.apache.kafka.clients.NetworkClient)
[2024-08-24 16:02:18,876] INFO [KafkaServer id=1] Controlled shutdown request returned after 16ms with 3 partitions remaining to move (kafka.server.KafkaServer)
[2024-08-24 16:02:23,881] INFO [KafkaServer id=1] Retrying controlled shutdown (1 retries remaining) (kafka.server.KafkaServer)
[2024-08-24 16:02:23,885] INFO [KafkaServer id=1] Controlled shutdown request returned after 4ms with 3 partitions remaining to move (kafka.server.KafkaServer)
[2024-08-24 16:02:23,887] WARN [KafkaServer id=1] Proceeding to do an unclean shutdown as all the controlled shutdown attempts failed (kafka.server.KafkaServer)
[2024-08-24 16:02:23,887] INFO [/config/changes-event-process-thread]: Shutting down (kafka.common.ZkNodeChangeNotificationListener$ChangeEventProcessThread)
[2024-08-24 16:02:23,888] INFO [/config/changes-event-process-thread]: Stopped (kafka.common.ZkNodeChangeNotificationListener$ChangeEventProcessThread)
[2024-08-24 16:02:23,888] INFO [/config/changes-event-process-thread]: Shutdown completed (kafka.common.ZkNodeChangeNotificationListener$ChangeEventProcessThread)
[2024-08-24 16:02:23,888] INFO [SocketServer listenerType=ZK_BROKER, nodeId=1] Stopping socket server request processors (kafka.network.SocketServer)
[2024-08-24 16:02:23,893] INFO [SocketServer listenerType=ZK_BROKER, nodeId=1] Stopped socket server request processors (kafka.network.SocketServer)
[2024-08-24 16:02:23,893] INFO [data-plane Kafka Request Handler on Broker 1], shutting down (kafka.server.KafkaRequestHandlerPool)
[2024-08-24 16:02:23,894] INFO [data-plane Kafka Request Handler on Broker 1], shut down completely (kafka.server.KafkaRequestHandlerPool)
[2024-08-24 16:02:23,896] INFO [ExpirationReaper-1-AlterAcls]: Shutting down (kafka.server.DelayedOperationPurgatory$ExpiredOperationReaper)
[2024-08-24 16:02:23,896] INFO [ExpirationReaper-1-AlterAcls]: Stopped (kafka.server.DelayedOperationPurgatory$ExpiredOperationReaper)
[2024-08-24 16:02:23,896] INFO [ExpirationReaper-1-AlterAcls]: Shutdown completed (kafka.server.DelayedOperationPurgatory$ExpiredOperationReaper)
[2024-08-24 16:02:23,897] INFO [KafkaApi-1] Shutdown complete. (kafka.server.KafkaApis)
[2024-08-24 16:02:23,897] INFO [ExpirationReaper-1-topic]: Shutting down (kafka.server.DelayedOperationPurgatory$ExpiredOperationReaper)
[2024-08-24 16:02:23,897] INFO [ExpirationReaper-1-topic]: Stopped (kafka.server.DelayedOperationPurgatory$ExpiredOperationReaper)
[2024-08-24 16:02:23,897] INFO [ExpirationReaper-1-topic]: Shutdown completed (kafka.server.DelayedOperationPurgatory$ExpiredOperationReaper)
[2024-08-24 16:02:23,898] INFO [TransactionCoordinator id=1] Shutting down. (kafka.coordinator.transaction.TransactionCoordinator)
[2024-08-24 16:02:23,899] INFO [Transaction State Manager 1]: Shutdown complete (kafka.coordinator.transaction.TransactionStateManager)
[2024-08-24 16:02:23,899] INFO [TxnMarkerSenderThread-1]: Shutting down (kafka.coordinator.transaction.TransactionMarkerChannelManager)
[2024-08-24 16:02:23,899] INFO [TxnMarkerSenderThread-1]: Stopped (kafka.coordinator.transaction.TransactionMarkerChannelManager)
[2024-08-24 16:02:23,899] INFO [TxnMarkerSenderThread-1]: Shutdown completed (kafka.coordinator.transaction.TransactionMarkerChannelManager)
[2024-08-24 16:02:23,899] INFO [TransactionCoordinator id=1] Shutdown complete. (kafka.coordinator.transaction.TransactionCoordinator)
[2024-08-24 16:02:23,900] INFO [GroupCoordinator 1]: Shutting down. (kafka.coordinator.group.GroupCoordinator)
[2024-08-24 16:02:23,900] INFO [ExpirationReaper-1-Heartbeat]: Shutting down (kafka.server.DelayedOperationPurgatory$ExpiredOperationReaper)
[2024-08-24 16:02:23,900] INFO [ExpirationReaper-1-Heartbeat]: Stopped (kafka.server.DelayedOperationPurgatory$ExpiredOperationReaper)
[2024-08-24 16:02:23,900] INFO [ExpirationReaper-1-Heartbeat]: Shutdown completed (kafka.server.DelayedOperationPurgatory$ExpiredOperationReaper)
[2024-08-24 16:02:23,900] INFO [ExpirationReaper-1-Rebalance]: Shutting down (kafka.server.DelayedOperationPurgatory$ExpiredOperationReaper)
[2024-08-24 16:02:23,900] INFO [ExpirationReaper-1-Rebalance]: Stopped (kafka.server.DelayedOperationPurgatory$ExpiredOperationReaper)
[2024-08-24 16:02:23,900] INFO [ExpirationReaper-1-Rebalance]: Shutdown completed (kafka.server.DelayedOperationPurgatory$ExpiredOperationReaper)
[2024-08-24 16:02:23,901] INFO [GroupCoordinator 1]: Shutdown complete. (kafka.coordinator.group.GroupCoordinator)
[2024-08-24 16:02:23,901] INFO [ReplicaManager broker=1] Shutting down (kafka.server.ReplicaManager)
[2024-08-24 16:02:23,901] INFO [LogDirFailureHandler]: Shutting down (kafka.server.ReplicaManager$LogDirFailureHandler)
[2024-08-24 16:02:23,901] INFO [LogDirFailureHandler]: Stopped (kafka.server.ReplicaManager$LogDirFailureHandler)
[2024-08-24 16:02:23,901] INFO [LogDirFailureHandler]: Shutdown completed (kafka.server.ReplicaManager$LogDirFailureHandler)
[2024-08-24 16:02:23,902] INFO [ReplicaFetcherManager on broker 1] shutting down (kafka.server.ReplicaFetcherManager)
[2024-08-24 16:02:23,902] INFO [ReplicaFetcherManager on broker 1] shutdown completed (kafka.server.ReplicaFetcherManager)
[2024-08-24 16:02:23,902] INFO [ReplicaAlterLogDirsManager on broker 1] shutting down (kafka.server.ReplicaAlterLogDirsManager)
[2024-08-24 16:02:23,902] INFO [ReplicaAlterLogDirsManager on broker 1] shutdown completed (kafka.server.ReplicaAlterLogDirsManager)
[2024-08-24 16:02:23,902] INFO [ExpirationReaper-1-Fetch]: Shutting down (kafka.server.DelayedOperationPurgatory$ExpiredOperationReaper)
[2024-08-24 16:02:23,903] INFO [ExpirationReaper-1-Fetch]: Stopped (kafka.server.DelayedOperationPurgatory$ExpiredOperationReaper)
[2024-08-24 16:02:23,903] INFO [ExpirationReaper-1-Fetch]: Shutdown completed (kafka.server.DelayedOperationPurgatory$ExpiredOperationReaper)
[2024-08-24 16:02:23,903] INFO [ExpirationReaper-1-RemoteFetch]: Shutting down (kafka.server.DelayedOperationPurgatory$ExpiredOperationReaper)
[2024-08-24 16:02:23,903] INFO [ExpirationReaper-1-RemoteFetch]: Stopped (kafka.server.DelayedOperationPurgatory$ExpiredOperationReaper)
[2024-08-24 16:02:23,903] INFO [ExpirationReaper-1-RemoteFetch]: Shutdown completed (kafka.server.DelayedOperationPurgatory$ExpiredOperationReaper)
[2024-08-24 16:02:23,903] INFO [ExpirationReaper-1-Produce]: Shutting down (kafka.server.DelayedOperationPurgatory$ExpiredOperationReaper)
[2024-08-24 16:02:23,903] INFO [ExpirationReaper-1-Produce]: Stopped (kafka.server.DelayedOperationPurgatory$ExpiredOperationReaper)
[2024-08-24 16:02:23,903] INFO [ExpirationReaper-1-Produce]: Shutdown completed (kafka.server.DelayedOperationPurgatory$ExpiredOperationReaper)
[2024-08-24 16:02:23,903] INFO [ExpirationReaper-1-DeleteRecords]: Shutting down (kafka.server.DelayedOperationPurgatory$ExpiredOperationReaper)
[2024-08-24 16:02:23,904] INFO [ExpirationReaper-1-DeleteRecords]: Stopped (kafka.server.DelayedOperationPurgatory$ExpiredOperationReaper)
[2024-08-24 16:02:23,904] INFO [ExpirationReaper-1-DeleteRecords]: Shutdown completed (kafka.server.DelayedOperationPurgatory$ExpiredOperationReaper)
[2024-08-24 16:02:23,904] INFO [ExpirationReaper-1-ElectLeader]: Shutting down (kafka.server.DelayedOperationPurgatory$ExpiredOperationReaper)
[2024-08-24 16:02:23,904] INFO [ExpirationReaper-1-ElectLeader]: Stopped (kafka.server.DelayedOperationPurgatory$ExpiredOperationReaper)
[2024-08-24 16:02:23,904] INFO [ExpirationReaper-1-ElectLeader]: Shutdown completed (kafka.server.DelayedOperationPurgatory$ExpiredOperationReaper)
[2024-08-24 16:02:23,911] INFO [AddPartitionsToTxnSenderThread-1]: Shutting down (kafka.server.AddPartitionsToTxnManager)
[2024-08-24 16:02:23,911] INFO [AddPartitionsToTxnSenderThread-1]: Stopped (kafka.server.AddPartitionsToTxnManager)
[2024-08-24 16:02:23,911] INFO [AddPartitionsToTxnSenderThread-1]: Shutdown completed (kafka.server.AddPartitionsToTxnManager)
[2024-08-24 16:02:23,912] INFO [ReplicaManager broker=1] Shut down completely (kafka.server.ReplicaManager)
[2024-08-24 16:02:23,912] INFO [zk-broker-1-to-controller-alter-partition-channel-manager]: Shutting down (kafka.server.NodeToControllerRequestThread)
[2024-08-24 16:02:23,912] INFO [zk-broker-1-to-controller-alter-partition-channel-manager]: Stopped (kafka.server.NodeToControllerRequestThread)
[2024-08-24 16:02:23,912] INFO [zk-broker-1-to-controller-alter-partition-channel-manager]: Shutdown completed (kafka.server.NodeToControllerRequestThread)
[2024-08-24 16:02:23,913] INFO Node to controller channel manager for alter-partition shutdown (kafka.server.NodeToControllerChannelManagerImpl)
[2024-08-24 16:02:23,913] INFO [zk-broker-1-to-controller-forwarding-channel-manager]: Shutting down (kafka.server.NodeToControllerRequestThread)
[2024-08-24 16:02:23,913] INFO [zk-broker-1-to-controller-forwarding-channel-manager]: Stopped (kafka.server.NodeToControllerRequestThread)
[2024-08-24 16:02:23,913] INFO [zk-broker-1-to-controller-forwarding-channel-manager]: Shutdown completed (kafka.server.NodeToControllerRequestThread)
[2024-08-24 16:02:23,913] INFO Node to controller channel manager for forwarding shutdown (kafka.server.NodeToControllerChannelManagerImpl)
[2024-08-24 16:02:23,913] INFO Shutting down. (kafka.log.LogManager)
[2024-08-24 16:02:23,914] INFO [kafka-log-cleaner-thread-0]: Shutting down (kafka.log.LogCleaner$CleanerThread)
[2024-08-24 16:02:23,914] INFO [kafka-log-cleaner-thread-0]: Stopped (kafka.log.LogCleaner$CleanerThread)
[2024-08-24 16:02:23,914] INFO [kafka-log-cleaner-thread-0]: Shutdown completed (kafka.log.LogCleaner$CleanerThread)
[2024-08-24 16:02:23,934] INFO [ProducerStateManager partition=test-topic-replicated-1] Wrote producer snapshot at offset 2 with 1 producer ids in 4 ms. (org.apache.kafka.storage.internals.log.ProducerStateManager)
[2024-08-24 16:02:23,964] INFO Shutdown complete. (kafka.log.LogManager)
[2024-08-24 16:02:23,966] INFO [feature-zk-node-event-process-thread]: Shutting down (kafka.server.FinalizedFeatureChangeListener$ChangeNotificationProcessorThread)
[2024-08-24 16:02:23,966] INFO [feature-zk-node-event-process-thread]: Stopped (kafka.server.FinalizedFeatureChangeListener$ChangeNotificationProcessorThread)
[2024-08-24 16:02:23,966] INFO [feature-zk-node-event-process-thread]: Shutdown completed (kafka.server.FinalizedFeatureChangeListener$ChangeNotificationProcessorThread)
[2024-08-24 16:02:23,966] INFO [ZooKeeperClient Kafka server] Closing. (kafka.zookeeper.ZooKeeperClient)
[2024-08-24 16:02:24,077] INFO Session: 0x10000859f120001 closed (org.apache.zookeeper.ZooKeeper)
[2024-08-24 16:02:24,077] INFO EventThread shut down for session: 0x10000859f120001 (org.apache.zookeeper.ClientCnxn)
[2024-08-24 16:02:24,078] INFO [ZooKeeperClient Kafka server] Closed. (kafka.zookeeper.ZooKeeperClient)
[2024-08-24 16:02:24,078] INFO [ThrottledChannelReaper-Fetch]: Shutting down (kafka.server.ClientQuotaManager$ThrottledChannelReaper)
[2024-08-24 16:02:24,079] INFO [ThrottledChannelReaper-Fetch]: Stopped (kafka.server.ClientQuotaManager$ThrottledChannelReaper)
[2024-08-24 16:02:24,079] INFO [ThrottledChannelReaper-Fetch]: Shutdown completed (kafka.server.ClientQuotaManager$ThrottledChannelReaper)
[2024-08-24 16:02:24,079] INFO [ThrottledChannelReaper-Produce]: Shutting down (kafka.server.ClientQuotaManager$ThrottledChannelReaper)
[2024-08-24 16:02:24,079] INFO [ThrottledChannelReaper-Produce]: Stopped (kafka.server.ClientQuotaManager$ThrottledChannelReaper)
[2024-08-24 16:02:24,079] INFO [ThrottledChannelReaper-Produce]: Shutdown completed (kafka.server.ClientQuotaManager$ThrottledChannelReaper)
[2024-08-24 16:02:24,079] INFO [ThrottledChannelReaper-Request]: Shutting down (kafka.server.ClientQuotaManager$ThrottledChannelReaper)
[2024-08-24 16:02:24,079] INFO [ThrottledChannelReaper-Request]: Stopped (kafka.server.ClientQuotaManager$ThrottledChannelReaper)
[2024-08-24 16:02:24,079] INFO [ThrottledChannelReaper-Request]: Shutdown completed (kafka.server.ClientQuotaManager$ThrottledChannelReaper)
[2024-08-24 16:02:24,079] INFO [ThrottledChannelReaper-ControllerMutation]: Shutting down (kafka.server.ClientQuotaManager$ThrottledChannelReaper)
[2024-08-24 16:02:24,079] INFO [ThrottledChannelReaper-ControllerMutation]: Stopped (kafka.server.ClientQuotaManager$ThrottledChannelReaper)
[2024-08-24 16:02:24,079] INFO [ThrottledChannelReaper-ControllerMutation]: Shutdown completed (kafka.server.ClientQuotaManager$ThrottledChannelReaper)
[2024-08-24 16:02:24,080] INFO [SocketServer listenerType=ZK_BROKER, nodeId=1] Shutting down socket server (kafka.network.SocketServer)
[2024-08-24 16:02:24,087] INFO [SocketServer listenerType=ZK_BROKER, nodeId=1] Shutdown completed (kafka.network.SocketServer)
[2024-08-24 16:02:24,088] INFO Metrics scheduler closed (org.apache.kafka.common.metrics.Metrics)
[2024-08-24 16:02:24,088] INFO Closing reporter org.apache.kafka.common.metrics.JmxReporter (org.apache.kafka.common.metrics.Metrics)
[2024-08-24 16:02:24,088] INFO Metrics reporters closed (org.apache.kafka.common.metrics.Metrics)
[2024-08-24 16:02:24,088] INFO Broker and topic stats closed (kafka.server.BrokerTopicStats)
[2024-08-24 16:02:24,089] INFO App info kafka.server for 1 unregistered (org.apache.kafka.common.utils.AppInfoParser)
[2024-08-24 16:02:24,089] INFO [KafkaServer id=1] shut down completed (kafka.server.KafkaServer)
